#
# There is insufficient memory for the Java Runtime Environment to continue.
# Native memory allocation (mmap) failed to map 100663296 bytes for G1 virtual space
# Possible reasons:
#   The system is out of physical RAM or swap space
#   The process is running with CompressedOops enabled, and the Java Heap may be blocking the growth of the native heap
# Possible solutions:
#   Reduce memory load on the system
#   Increase physical memory or swap space
#   Check if swap backing store is full
#   Decrease Java heap size (-Xmx/-Xms)
#   Decrease number of Java threads
#   Decrease Java thread stack sizes (-Xss)
#   Set larger code cache with -XX:ReservedCodeCacheSize=
#   JVM is running with Unscaled Compressed Oops mode in which the Java heap is
#     placed in the first 4GB address space. The Java Heap base address is the
#     maximum limit for the native heap growth. Please use -XX:HeapBaseMinAddress
#     to set the Java Heap base and to place the Java Heap above 4GB virtual address.
# This output file may be truncated or incomplete.
#
#  Out of Memory Error (os_windows.cpp:3469), pid=10988, tid=5872
#
# JRE version:  (17.0.1+12) (build )
# Java VM: Java HotSpot(TM) 64-Bit Server VM (17.0.1+12-LTS-39, mixed mode, sharing, tiered, compressed oops, compressed class ptrs, g1 gc, windows-amd64)
# No core dump will be written. Minidumps are not enabled by default on client versions of Windows
#

---------------  S U M M A R Y ------------

Command Line: gui_railway_project.Main

Host: AMD Athlon Silver 3050U with Radeon Graphics   , 2 cores, 5G,  Windows 10 , 64 bit Build 19041 (10.0.19041.2788)
Time: Tue Apr 18 04:42:21 2023 Central European Daylight Time elapsed time: 0.026153 seconds (0d 0h 0m 0s)

---------------  T H R E A D  ---------------

Current thread (0x0000019b8d3ae1b0):  JavaThread "Unknown thread" [_thread_in_vm, id=5872, stack(0x00000098a2b00000,0x00000098a2c00000)]

Stack: [0x00000098a2b00000,0x00000098a2c00000]
Native frames: (J=compiled Java code, j=interpreted, Vv=VM code, C=native code)
V  [jvm.dll+0x66fa1a]
V  [jvm.dll+0x7ce5a4]
V  [jvm.dll+0x7cfd4e]
V  [jvm.dll+0x7d03b3]
V  [jvm.dll+0x242b05]
V  [jvm.dll+0x66ca39]
V  [jvm.dll+0x661502]
V  [jvm.dll+0x30081b]
V  [jvm.dll+0x307da6]
V  [jvm.dll+0x357a1e]
V  [jvm.dll+0x357c4f]
V  [jvm.dll+0x2d7ad8]
V  [jvm.dll+0x2d8a44]
V  [jvm.dll+0x7a01e1]
V  [jvm.dll+0x365791]
V  [jvm.dll+0x77f6cc]
V  [jvm.dll+0x3e812f]
V  [jvm.dll+0x3e9bd1]
C  [jli.dll+0x527b]
C  [ucrtbase.dll+0x21bb2]
C  [KERNEL32.DLL+0x17604]
C  [ntdll.dll+0x526a1]


---------------  P R O C E S S  ---------------

Threads class SMR info:
_java_thread_list=0x00007ffb0ca47818, length=0, elements={
}

Java Threads: ( => current thread )

Other Threads:
  0x0000019b8f4aaaf0 GCTaskThread "GC Thread#0" [stack: 0x00000098a2d00000,0x00000098a2e00000] [id=22424]
  0x0000019b8f4b7670 ConcurrentGCThread "G1 Main Marker" [stack: 0x00000098a2e00000,0x00000098a2f00000] [id=21480]
  0x0000019b8f4b8080 ConcurrentGCThread "G1 Conc#0" [stack: 0x00000098a2f00000,0x00000098a3000000] [id=22508]

[error occurred during error reporting (printing all threads), id 0xc0000005, EXCEPTION_ACCESS_VIOLATION (0xc0000005) at pc=0x00007ffb0c2984b7]

VM state: not at safepoint (not fully initialized)

VM Mutex/Monitor currently owned by a thread:  ([mutex/lock_event])
[0x0000019b8f472a00] Heap_lock - owner thread: 0x0000019b8d3ae1b0

Heap address: 0x00000000a1e00000, size: 1506 MB, Compressed Oops mode: 32-bit

CDS archive(s) mapped at: [0x0000000000000000-0x0000000000000000-0x0000000000000000), size 0, SharedBaseAddress: 0x0000000800000000, ArchiveRelocationMode: 0.
Narrow klass base: 0x0000000000000000, Narrow klass shift: 0, Narrow klass range: 0x0

GC Precious Log:
<Empty>

Heap:
 garbage-first heap   total 0K, used 0K [0x00000000a1e00000, 0x0000000100000000)
  region size 1024K, 0 young (0K), 0 survivors (0K)

[error occurred during error reporting (printing heap information), id 0xc0000005, EXCEPTION_ACCESS_VIOLATION (0xc0000005) at pc=0x00007ffb0c678d89]

GC Heap History (0 events):
No events

Deoptimization events (0 events):
No events

Classes unloaded (0 events):
No events

Classes redefined (0 events):
No events

Internal exceptions (0 events):
No events

VM Operations (0 events):
No events

Events (1 events):
Event: 0.015 Loaded shared library C:\Program Files\Java\jdk-17.0.1\bin\java.dll


Dynamic libraries:
0x00007ff7d4ef0000 - 0x00007ff7d4f00000 	C:\Program Files\Java\jdk-17.0.1\bin\java.exe
0x00007ffb67f70000 - 0x00007ffb68168000 	C:\WINDOWS\SYSTEM32\ntdll.dll
0x00007ffb60260000 - 0x00007ffb60279000 	C:\Program Files\Avast Software\Avast\aswhook.dll
0x00007ffb66540000 - 0x00007ffb665ff000 	C:\WINDOWS\System32\KERNEL32.DLL
0x00007ffb65b60000 - 0x00007ffb65e3a000 	C:\WINDOWS\System32\KERNELBASE.dll
0x00007ffb65850000 - 0x00007ffb65950000 	C:\WINDOWS\System32\ucrtbase.dll
0x00007ffb518e0000 - 0x00007ffb518f8000 	C:\Program Files\Java\jdk-17.0.1\bin\jli.dll
0x00007ffb66c60000 - 0x00007ffb66d0e000 	C:\WINDOWS\System32\ADVAPI32.dll
0x00007ffb66030000 - 0x00007ffb660ce000 	C:\WINDOWS\System32\msvcrt.dll
0x00007ffb67040000 - 0x00007ffb670dc000 	C:\WINDOWS\System32\sechost.dll
0x00007ffb671b0000 - 0x00007ffb672d6000 	C:\WINDOWS\System32\RPCRT4.dll
0x00007ffb66370000 - 0x00007ffb6650d000 	C:\WINDOWS\System32\USER32.dll
0x00007ffb65950000 - 0x00007ffb65972000 	C:\WINDOWS\System32\win32u.dll
0x00007ffb66f30000 - 0x00007ffb66f5b000 	C:\WINDOWS\System32\GDI32.dll
0x00007ffb65980000 - 0x00007ffb65a90000 	C:\WINDOWS\System32\gdi32full.dll
0x00007ffb65a90000 - 0x00007ffb65b2d000 	C:\WINDOWS\System32\msvcp_win.dll
0x00007ffb50850000 - 0x00007ffb5086a000 	C:\Program Files\Java\jdk-17.0.1\bin\VCRUNTIME140.dll
0x00007ffb43aa0000 - 0x00007ffb43d3a000 	C:\WINDOWS\WinSxS\amd64_microsoft.windows.common-controls_6595b64144ccf1df_6.0.19041.1110_none_60b5254171f9507e\COMCTL32.dll
0x00007ffb5e8f0000 - 0x00007ffb5e8fa000 	C:\WINDOWS\SYSTEM32\VERSION.dll
0x00007ffb66510000 - 0x00007ffb66540000 	C:\WINDOWS\System32\IMM32.DLL
0x00007ffb5fa50000 - 0x00007ffb5fa5c000 	C:\Program Files\Java\jdk-17.0.1\bin\vcruntime140_1.dll
0x00007ffb44890000 - 0x00007ffb4491d000 	C:\Program Files\Java\jdk-17.0.1\bin\msvcp140.dll
0x00007ffb0bfb0000 - 0x00007ffb0cb6e000 	C:\Program Files\Java\jdk-17.0.1\bin\server\jvm.dll
0x00007ffb660d0000 - 0x00007ffb660d8000 	C:\WINDOWS\System32\PSAPI.DLL
0x00007ffb4b030000 - 0x00007ffb4b039000 	C:\WINDOWS\SYSTEM32\WSOCK32.dll
0x00007ffb66ec0000 - 0x00007ffb66f2b000 	C:\WINDOWS\System32\WS2_32.dll
0x00007ffb4ffa0000 - 0x00007ffb4ffc7000 	C:\WINDOWS\SYSTEM32\WINMM.dll
0x00007ffb63500000 - 0x00007ffb63512000 	C:\WINDOWS\SYSTEM32\kernel.appcore.dll
0x00007ffb5f270000 - 0x00007ffb5f27a000 	C:\Program Files\Java\jdk-17.0.1\bin\jimage.dll
0x00007ffb55880000 - 0x00007ffb55a64000 	C:\WINDOWS\SYSTEM32\DBGHELP.DLL
0x00007ffb54900000 - 0x00007ffb54934000 	C:\WINDOWS\SYSTEM32\dbgcore.DLL
0x00007ffb65e40000 - 0x00007ffb65ec2000 	C:\WINDOWS\System32\bcryptPrimitives.dll
0x00007ffb44cf0000 - 0x00007ffb44d15000 	C:\Program Files\Java\jdk-17.0.1\bin\java.dll

dbghelp: loaded successfully - version: 4.0.5 - missing functions: none
symbol engine: initialized successfully - sym options: 0x614 - pdb path: .;C:\Program Files\Java\jdk-17.0.1\bin;C:\WINDOWS\SYSTEM32;C:\Program Files\Avast Software\Avast;C:\WINDOWS\WinSxS\amd64_microsoft.windows.common-controls_6595b64144ccf1df_6.0.19041.1110_none_60b5254171f9507e;C:\Program Files\Java\jdk-17.0.1\bin\server

VM Arguments:
java_command: gui_railway_project.Main
java_class_path (initial): C:\Users\Hp\Documents\PJAIT documents\GUI\GUI_Railway_Project\target\classes
Launcher Type: SUN_STANDARD

[Global flags]
     intx CICompilerCount                          = 2                                         {product} {ergonomic}
     uint ConcGCThreads                            = 1                                         {product} {ergonomic}
     uint G1ConcRefinementThreads                  = 2                                         {product} {ergonomic}
   size_t G1HeapRegionSize                         = 1048576                                   {product} {ergonomic}
    uintx GCDrainStackTargetSize                   = 64                                        {product} {ergonomic}
   size_t InitialHeapSize                          = 100663296                                 {product} {ergonomic}
   size_t MarkStackSize                            = 4194304                                   {product} {ergonomic}
   size_t MaxHeapSize                              = 1579155456                                {product} {ergonomic}
   size_t MinHeapDeltaBytes                        = 1048576                                   {product} {ergonomic}
   size_t MinHeapSize                              = 8388608                                   {product} {ergonomic}
    uintx NonNMethodCodeHeapSize                   = 5826188                                {pd product} {ergonomic}
    uintx NonProfiledCodeHeapSize                  = 122916026                              {pd product} {ergonomic}
    uintx ProfiledCodeHeapSize                     = 122916026                              {pd product} {ergonomic}
    uintx ReservedCodeCacheSize                    = 251658240                              {pd product} {ergonomic}
     bool SegmentedCodeCache                       = true                                      {product} {ergonomic}
   size_t SoftMaxHeapSize                          = 1579155456                             {manageable} {ergonomic}
     bool UseCompressedClassPointers               = true                           {product lp64_product} {ergonomic}
     bool UseCompressedOops                        = true                           {product lp64_product} {ergonomic}
     bool UseG1GC                                  = true                                      {product} {ergonomic}
     bool UseLargePagesIndividualAllocation        = false                                  {pd product} {ergonomic}

Logging:
Log output configuration:
 #0: stdout all=warning uptime,level,tags
 #1: stderr all=off uptime,level,tags

Environment Variables:
JAVA_HOME=C:\Program Files\Java\jdk-17.0.1
PATH=C:\Users\Hp\Desktop\AWS\apache-maven-3.8.7\bin;C:\Program Files\Common Files\Oracle\Java\javapath;C:\WINDOWS\system32;C:\WINDOWS;C:\WINDOWS\System32\Wbem;C:\WINDOWS\System32\WindowsPowerShell\v1.0\;C:\WINDOWS\System32\OpenSSH\;C:\Program Files\nodejs\;C:\Program Files\Git\cmd;C:\Users\Hp\AppData\Local\Programs\Python\Python39;C:\Users\Hp\AppData\Local\Programs\Python\Python39\Scripts;C:\MinGW\mingw32\bin;C:\Program Files\dotnet\;C;C:\WINDOWS\system32;C:\WINDOWS;C:\WINDOWS\System32\Wbem;C:\WINDOWS\System32\WindowsPowerShell\v1.0\;C:\WINDOWS\System32\OpenSSH\;C:\Program Files\OpenSSL-Win64\bin;C:\Program Files\Amazon\AWSCLIV2\;C:\Program Files\PuTTY\;C:\Program Files\Amazon\AWSSAMCLI\bin\;C:\Program Files\Snowflake SnowSQL\;C:\terraform;C:\Users\Hp\AppData\Local\Microsoft\WindowsApps;C:\Users\Hp\AppData\Local\Programs\Microsoft VS Code\bin;C:\Users\Hp\AppData\Roaming\npm;C:\Users\Hp\.dotnet\tools;C:\Users\Hp\AppData\Local\Programs\MiKTeX\miktex\bin\x64\;
USERNAME=Hp
OS=Windows_NT
PROCESSOR_IDENTIFIER=AMD64 Family 23 Model 24 Stepping 1, AuthenticAMD



---------------  S Y S T E M  ---------------

OS:
 Windows 10 , 64 bit Build 19041 (10.0.19041.2788)
OS uptime: 2 days 15:39 hours
Hyper-V role detected

CPU: total 2 (initial active 2) (2 cores per cpu, 1 threads per core) family 23 model 24 stepping 1 microcode 0x0, cx8, cmov, fxsr, mmx, 3dnowpref, sse, sse2, sse3, ssse3, sse4a, sse4.1, sse4.2, popcnt, lzcnt, tsc, tscinvbit, avx, avx2, aes, clmul, bmi1, bmi2, adx, sha, fma, vzeroupper, clflush, clflushopt, hv

Memory: 4k page, system-wide physical 6023M (388M free)
TotalPageFile size 21356M (AvailPageFile size 75M)
current process WorkingSet (physical memory assigned to process): 10M, peak: 10M
current process commit charge ("private bytes"): 47M, peak: 143M

vm_info: Java HotSpot(TM) 64-Bit Server VM (17.0.1+12-LTS-39) for windows-amd64 JRE (17.0.1+12-LTS-39), built on Sep 27 2021 18:41:35 by "mach5one" with MS VC++ 16.8 (VS2019)

END.
